<?xml version="1.0" encoding="UTF-8"?>
<Site BuildName="Win32-MSBuild"
	BuildStamp="20211126-1853-Experimental"
	Name="DESKTOP-8F08G4L"
	Generator="ctest-3.20.21032501-MSVC_2"
	CompilerName="C:/Program Files (x86)/Microsoft Visual Studio/2019/BuildTools/VC/Tools/MSVC/14.29.30037/bin/Hostx86/x64/cl.exe"
	CompilerVersion="19.29.30037.0"
	OSName="Windows"
	Hostname="DESKTOP-8F08G4L"
	OSRelease=" Professional"
	OSVersion=" (Build 19042)"
	OSPlatform="AMD64"
	Is64Bits="1"
	VendorString="GenuineIntel"
	VendorID="Intel Corporation"
	FamilyID="6"
	ModelID="5"
	ProcessorCacheSize="-1"
	NumberOfLogicalCPU="16"
	NumberOfPhysicalCPU="8"
	TotalVirtualMemory="29578"
	TotalPhysicalMemory="16266"
	LogicalProcessorsPerPhysical="2"
	ProcessorClockFrequency="3791"
	>
	<Testing>
		<StartDateTime>Nov 26 12:53 Central Standard Time</StartDateTime>
		<StartTestTime>1637952814</StartTestTime>
		<TestList/>
		<EndDateTime>Nov 26 12:53 Central Standard Time</EndDateTime>
		<EndTestTime>1637952814</EndTestTime>
		<ElapsedMinutes>0</ElapsedMinutes>
	</Testing>
</Site>
